# JRE version: Java(TM) SE Runtime Environment (22.0.1+8) (build 22.0.1+8-16)
# Java VM: Java HotSpot(TM) 64-Bit Server VM (22.0.1+8-16, mixed mode, sharing, tiered, compressed oops, compressed class ptrs, g1 gc, windows-amd64)
GC Precious Log:
 CardTable entry size: 512
 Card Set container configuration: InlinePtr #cards 5 size 8 Array Of Cards #cards 12 size 40 Howl #buckets 4 coarsen threshold 1843 Howl Bitmap #cards 512 size 80 coarsen threshold 460 Card regions per heap region 1 cards per card region 2048
 CPUs: 2 total, 2 available
 Memory: 3461M
 Large Page Support: Disabled
 NUMA Support: Disabled
 Compressed Oops: Enabled (32-bit)
 Heap Region Size: 1M
 Heap Min Capacity: 8M
 Heap Initial Capacity: 56M
 Heap Max Capacity: 866M
 Pre-touch: Disabled
 Parallel Workers: 2
 Concurrent Workers: 1
 Concurrent Refinement Workers: 2
 Periodic GC: Disabled
Heap:
 garbage-first heap   total reserved 886784K, committed 45056K, used 23609K [0x00000000c9e00000, 0x0000000100000000)
  region size 1024K, 4 young (4096K), 3 survivors (3072K)
 Metaspace       used 45129K, committed 45824K, reserved 1114112K
  class space    used 5957K, committed 6272K, reserved 1048576K
GC Heap History (20 events):
Event: 4.612 GC heap before
{Heap before GC invocations=3 (full 0):
 garbage-first heap   total reserved 886784K, committed 57344K, used 36461K [0x00000000c9e00000, 0x0000000100000000)
  region size 1024K, 33 young (33792K), 2 survivors (2048K)
 Metaspace       used 14786K, committed 15040K, reserved 1114112K
  class space    used 1752K, committed 1856K, reserved 1048576K
}
Event: 4.633 GC heap after
{Heap after GC invocations=4 (full 0):
 garbage-first heap   total reserved 886784K, committed 57344K, used 8336K [0x00000000c9e00000, 0x0000000100000000)
  region size 1024K, 4 young (4096K), 4 survivors (4096K)
 Metaspace       used 14786K, committed 15040K, reserved 1114112K
  class space    used 1752K, committed 1856K, reserved 1048576K
}
Event: 7.216 GC heap before
{Heap before GC invocations=4 (full 0):
 garbage-first heap   total reserved 886784K, committed 57344K, used 37008K [0x00000000c9e00000, 0x0000000100000000)
  region size 1024K, 33 young (33792K), 4 survivors (4096K)
 Metaspace       used 19412K, committed 19776K, reserved 1114112K
  class space    used 2372K, committed 2560K, reserved 1048576K
}
Event: 7.243 GC heap after
{Heap after GC invocations=5 (full 0):
 garbage-first heap   total reserved 886784K, committed 57344K, used 11545K [0x00000000c9e00000, 0x0000000100000000)
  region size 1024K, 4 young (4096K), 4 survivors (4096K)
 Metaspace       used 19412K, committed 19776K, reserved 1114112K
  class space    used 2372K, committed 2560K, reserved 1048576K
}
Event: 8.508 GC heap before
{Heap before GC invocations=5 (full 0):
 garbage-first heap   total reserved 886784K, committed 57344K, used 24857K [0x00000000c9e00000, 0x0000000100000000)
  region size 1024K, 18 young (18432K), 4 survivors (4096K)
 Metaspace       used 21219K, committed 21504K, reserved 1114112K
  class space    used 2599K, committed 2752K, reserved 1048576K
}
Event: 8.517 GC heap after
{Heap after GC invocations=6 (full 0):
 garbage-first heap   total reserved 886784K, committed 57344K, used 12347K [0x00000000c9e00000, 0x0000000100000000)
  region size 1024K, 2 young (2048K), 2 survivors (2048K)
 Metaspace       used 21219K, committed 21504K, reserved 1114112K
  class space    used 2599K, committed 2752K, reserved 1048576K
}
Event: 10.254 GC heap before
{Heap before GC invocations=7 (full 0):
 garbage-first heap   total reserved 886784K, committed 45056K, used 36923K [0x00000000c9e00000, 0x0000000100000000)
  region size 1024K, 26 young (26624K), 2 survivors (2048K)
 Metaspace       used 25201K, committed 25664K, reserved 1114112K
  class space    used 3166K, committed 3392K, reserved 1048576K
}
Event: 10.265 GC heap after
{Heap after GC invocations=8 (full 0):
 garbage-first heap   total reserved 886784K, committed 45056K, used 14397K [0x00000000c9e00000, 0x0000000100000000)
  region size 1024K, 4 young (4096K), 4 survivors (4096K)
 Metaspace       used 25201K, committed 25664K, reserved 1114112K
  class space    used 3166K, committed 3392K, reserved 1048576K
}
Event: 11.993 GC heap before
{Heap before GC invocations=8 (full 0):
 garbage-first heap   total reserved 886784K, committed 45056K, used 35901K [0x00000000c9e00000, 0x0000000100000000)
  region size 1024K, 25 young (25600K), 4 survivors (4096K)
 Metaspace       used 28720K, committed 29184K, reserved 1114112K
  class space    used 3635K, committed 3840K, reserved 1048576K
}
Event: 12.006 GC heap after
{Heap after GC invocations=9 (full 0):
 garbage-first heap   total reserved 886784K, committed 45056K, used 15614K [0x00000000c9e00000, 0x0000000100000000)
  region size 1024K, 2 young (2048K), 2 survivors (2048K)
 Metaspace       used 28720K, committed 29184K, reserved 1114112K
  class space    used 3635K, committed 3840K, reserved 1048576K
}
Event: 14.467 GC heap before
{Heap before GC invocations=9 (full 0):
 garbage-first heap   total reserved 886784K, committed 45056K, used 37118K [0x00000000c9e00000, 0x0000000100000000)
  region size 1024K, 23 young (23552K), 2 survivors (2048K)
 Metaspace       used 34915K, committed 35456K, reserved 1114112K
  class space    used 4493K, committed 4736K, reserved 1048576K
}
Event: 14.477 GC heap after
{Heap after GC invocations=10 (full 0):
 garbage-first heap   total reserved 886784K, committed 45056K, used 18691K [0x00000000c9e00000, 0x0000000100000000)
  region size 1024K, 3 young (3072K), 3 survivors (3072K)
 Metaspace       used 34915K, committed 35456K, reserved 1114112K
  class space    used 4493K, committed 4736K, reserved 1048576K
}
Event: 14.793 GC heap before
{Heap before GC invocations=10 (full 0):
 garbage-first heap   total reserved 886784K, committed 45056K, used 23811K [0x00000000c9e00000, 0x0000000100000000)
  region size 1024K, 9 young (9216K), 3 survivors (3072K)
 Metaspace       used 35417K, committed 35968K, reserved 1114112K
  class space    used 4552K, committed 4800K, reserved 1048576K
}
Event: 14.802 GC heap after
{Heap after GC invocations=11 (full 0):
 garbage-first heap   total reserved 886784K, committed 45056K, used 18803K [0x00000000c9e00000, 0x0000000100000000)
  region size 1024K, 1 young (1024K), 1 survivors (1024K)
 Metaspace       used 35417K, committed 35968K, reserved 1114112K
  class space    used 4552K, committed 4800K, reserved 1048576K
}
Event: 17.846 GC heap before
{Heap before GC invocations=12 (full 0):
 garbage-first heap   total reserved 886784K, committed 45056K, used 37235K [0x00000000c9e00000, 0x0000000100000000)
  region size 1024K, 19 young (19456K), 1 survivors (1024K)
 Metaspace       used 40412K, committed 41024K, reserved 1114112K
  class space    used 5277K, committed 5568K, reserved 1048576K
}
Event: 17.855 GC heap after
{Heap after GC invocations=13 (full 0):
 garbage-first heap   total reserved 886784K, committed 45056K, used 21051K [0x00000000c9e00000, 0x0000000100000000)
  region size 1024K, 3 young (3072K), 3 survivors (3072K)
 Metaspace       used 40412K, committed 41024K, reserved 1114112K
  class space    used 5277K, committed 5568K, reserved 1048576K
}
Event: 20.942 GC heap before
{Heap before GC invocations=13 (full 0):
 garbage-first heap   total reserved 886784K, committed 45056K, used 37435K [0x00000000c9e00000, 0x0000000100000000)
  region size 1024K, 20 young (20480K), 3 survivors (3072K)
 Metaspace       used 43106K, committed 43776K, reserved 1114112K
  class space    used 5650K, committed 5952K, reserved 1048576K
}
Event: 20.955 GC heap after
{Heap after GC invocations=14 (full 0):
 garbage-first heap   total reserved 886784K, committed 45056K, used 22417K [0x00000000c9e00000, 0x0000000100000000)
  region size 1024K, 2 young (2048K), 2 survivors (2048K)
 Metaspace       used 43106K, committed 43776K, reserved 1114112K
  class space    used 5650K, committed 5952K, reserved 1048576K
}
Event: 42.076 GC heap before
{Heap before GC invocations=14 (full 0):
 garbage-first heap   total reserved 886784K, committed 45056K, used 37777K [0x00000000c9e00000, 0x0000000100000000)
  region size 1024K, 17 young (17408K), 2 survivors (2048K)
 Metaspace       used 45116K, committed 45824K, reserved 1114112K
  class space    used 5957K, committed 6272K, reserved 1048576K
}
Event: 42.091 GC heap after
{Heap after GC invocations=15 (full 0):
 garbage-first heap   total reserved 886784K, committed 45056K, used 23609K [0x00000000c9e00000, 0x0000000100000000)
  region size 1024K, 3 young (3072K), 3 survivors (3072K)
 Metaspace       used 45116K, committed 45824K, reserved 1114112K
  class space    used 5957K, committed 6272K, reserved 1048576K
}

