# JRE version: Java(TM) SE Runtime Environment (22.0.1+8) (build 22.0.1+8-16)
# Java VM: Java HotSpot(TM) 64-Bit Server VM (22.0.1+8-16, mixed mode, sharing, tiered, compressed oops, compressed class ptrs, g1 gc, windows-amd64)
GC Precious Log:
 CardTable entry size: 512
 Card Set container configuration: InlinePtr #cards 5 size 8 Array Of Cards #cards 12 size 40 Howl #buckets 4 coarsen threshold 1843 Howl Bitmap #cards 512 size 80 coarsen threshold 460 Card regions per heap region 1 cards per card region 2048
 CPUs: 2 total, 2 available
 Memory: 3461M
 Large Page Support: Disabled
 NUMA Support: Disabled
 Compressed Oops: Enabled (32-bit)
 Heap Region Size: 1M
 Heap Min Capacity: 8M
 Heap Initial Capacity: 56M
 Heap Max Capacity: 866M
 Pre-touch: Disabled
 Parallel Workers: 2
 Concurrent Workers: 1
 Concurrent Refinement Workers: 2
 Periodic GC: Disabled
Heap:
 garbage-first heap   total reserved 886784K, committed 48128K, used 39178K [0x00000000c9e00000, 0x0000000100000000)
  region size 1024K, 24 young (24576K), 4 survivors (4096K)
 Metaspace       used 39975K, committed 40576K, reserved 1114112K
  class space    used 5128K, committed 5376K, reserved 1048576K
GC Heap History (20 events):
Event: 9.270 GC heap before
{Heap before GC invocations=1 (full 0):
 garbage-first heap   total reserved 886784K, committed 57344K, used 9027K [0x00000000c9e00000, 0x0000000100000000)
  region size 1024K, 6 young (6144K), 1 survivors (1024K)
 Metaspace       used 2491K, committed 2752K, reserved 1114112K
  class space    used 241K, committed 384K, reserved 1048576K
}
Event: 9.274 GC heap after
{Heap after GC invocations=2 (full 0):
 garbage-first heap   total reserved 886784K, committed 57344K, used 4768K [0x00000000c9e00000, 0x0000000100000000)
  region size 1024K, 1 young (1024K), 1 survivors (1024K)
 Metaspace       used 2491K, committed 2752K, reserved 1114112K
  class space    used 241K, committed 384K, reserved 1048576K
}
Event: 10.439 GC heap before
{Heap before GC invocations=2 (full 0):
 garbage-first heap   total reserved 886784K, committed 57344K, used 17056K [0x00000000c9e00000, 0x0000000100000000)
  region size 1024K, 13 young (13312K), 1 survivors (1024K)
 Metaspace       used 5267K, committed 5504K, reserved 1114112K
  class space    used 587K, committed 704K, reserved 1048576K
}
Event: 10.444 GC heap after
{Heap after GC invocations=3 (full 0):
 garbage-first heap   total reserved 886784K, committed 57344K, used 5556K [0x00000000c9e00000, 0x0000000100000000)
  region size 1024K, 2 young (2048K), 2 survivors (2048K)
 Metaspace       used 5267K, committed 5504K, reserved 1114112K
  class space    used 587K, committed 704K, reserved 1048576K
}
Event: 12.376 GC heap before
{Heap before GC invocations=3 (full 0):
 garbage-first heap   total reserved 886784K, committed 57344K, used 36276K [0x00000000c9e00000, 0x0000000100000000)
  region size 1024K, 33 young (33792K), 2 survivors (2048K)
 Metaspace       used 12596K, committed 12864K, reserved 1114112K
  class space    used 1472K, committed 1600K, reserved 1048576K
}
Event: 12.386 GC heap after
{Heap after GC invocations=4 (full 0):
 garbage-first heap   total reserved 886784K, committed 57344K, used 8100K [0x00000000c9e00000, 0x0000000100000000)
  region size 1024K, 4 young (4096K), 4 survivors (4096K)
 Metaspace       used 12596K, committed 12864K, reserved 1114112K
  class space    used 1472K, committed 1600K, reserved 1048576K
}
Event: 13.770 GC heap before
{Heap before GC invocations=4 (full 0):
 garbage-first heap   total reserved 886784K, committed 57344K, used 36772K [0x00000000c9e00000, 0x0000000100000000)
  region size 1024K, 33 young (33792K), 4 survivors (4096K)
 Metaspace       used 18341K, committed 18688K, reserved 1114112K
  class space    used 2225K, committed 2368K, reserved 1048576K
}
Event: 13.784 GC heap after
{Heap after GC invocations=5 (full 0):
 garbage-first heap   total reserved 886784K, committed 57344K, used 10536K [0x00000000c9e00000, 0x0000000100000000)
  region size 1024K, 5 young (5120K), 5 survivors (5120K)
 Metaspace       used 18341K, committed 18688K, reserved 1114112K
  class space    used 2225K, committed 2368K, reserved 1048576K
}
Event: 15.817 GC heap before
{Heap before GC invocations=5 (full 0):
 garbage-first heap   total reserved 886784K, committed 57344K, used 38184K [0x00000000c9e00000, 0x0000000100000000)
  region size 1024K, 33 young (33792K), 5 survivors (5120K)
 Metaspace       used 21140K, committed 21440K, reserved 1114112K
  class space    used 2572K, committed 2688K, reserved 1048576K
}
Event: 15.843 GC heap after
{Heap after GC invocations=6 (full 0):
 garbage-first heap   total reserved 886784K, committed 57344K, used 12582K [0x00000000c9e00000, 0x0000000100000000)
  region size 1024K, 5 young (5120K), 5 survivors (5120K)
 Metaspace       used 21140K, committed 21440K, reserved 1114112K
  class space    used 2572K, committed 2688K, reserved 1048576K
}
Event: 15.929 GC heap before
{Heap before GC invocations=6 (full 0):
 garbage-first heap   total reserved 886784K, committed 57344K, used 12582K [0x00000000c9e00000, 0x0000000100000000)
  region size 1024K, 6 young (6144K), 5 survivors (5120K)
 Metaspace       used 21221K, committed 21504K, reserved 1114112K
  class space    used 2582K, committed 2688K, reserved 1048576K
}
Event: 15.943 GC heap after
{Heap after GC invocations=7 (full 0):
 garbage-first heap   total reserved 886784K, committed 57344K, used 12902K [0x00000000c9e00000, 0x0000000100000000)
  region size 1024K, 3 young (3072K), 3 survivors (3072K)
 Metaspace       used 21221K, committed 21504K, reserved 1114112K
  class space    used 2582K, committed 2688K, reserved 1048576K
}
Event: 17.601 GC heap before
{Heap before GC invocations=8 (full 0):
 garbage-first heap   total reserved 886784K, committed 48128K, used 38502K [0x00000000c9e00000, 0x0000000100000000)
  region size 1024K, 28 young (28672K), 3 survivors (3072K)
 Metaspace       used 25486K, committed 25920K, reserved 1114112K
  class space    used 3163K, committed 3392K, reserved 1048576K
}
Event: 17.612 GC heap after
{Heap after GC invocations=9 (full 0):
 garbage-first heap   total reserved 886784K, committed 48128K, used 14522K [0x00000000c9e00000, 0x0000000100000000)
  region size 1024K, 4 young (4096K), 4 survivors (4096K)
 Metaspace       used 25486K, committed 25920K, reserved 1114112K
  class space    used 3163K, committed 3392K, reserved 1048576K
}
Event: 19.578 GC heap before
{Heap before GC invocations=9 (full 0):
 garbage-first heap   total reserved 886784K, committed 48128K, used 39098K [0x00000000c9e00000, 0x0000000100000000)
  region size 1024K, 28 young (28672K), 4 survivors (4096K)
 Metaspace       used 28884K, committed 29376K, reserved 1114112K
  class space    used 3607K, committed 3840K, reserved 1048576K
}
Event: 19.592 GC heap after
{Heap after GC invocations=10 (full 0):
 garbage-first heap   total reserved 886784K, committed 48128K, used 16066K [0x00000000c9e00000, 0x0000000100000000)
  region size 1024K, 2 young (2048K), 2 survivors (2048K)
 Metaspace       used 28884K, committed 29376K, reserved 1114112K
  class space    used 3607K, committed 3840K, reserved 1048576K
}
Event: 21.887 GC heap before
{Heap before GC invocations=10 (full 0):
 garbage-first heap   total reserved 886784K, committed 48128K, used 40642K [0x00000000c9e00000, 0x0000000100000000)
  region size 1024K, 26 young (26624K), 2 survivors (2048K)
 Metaspace       used 34991K, committed 35584K, reserved 1114112K
  class space    used 4461K, committed 4736K, reserved 1048576K
}
Event: 21.900 GC heap after
{Heap after GC invocations=11 (full 0):
 garbage-first heap   total reserved 886784K, committed 48128K, used 18216K [0x00000000c9e00000, 0x0000000100000000)
  region size 1024K, 4 young (4096K), 4 survivors (4096K)
 Metaspace       used 34991K, committed 35584K, reserved 1114112K
  class space    used 4461K, committed 4736K, reserved 1048576K
}
Event: 22.274 GC heap before
{Heap before GC invocations=11 (full 0):
 garbage-first heap   total reserved 886784K, committed 48128K, used 20264K [0x00000000c9e00000, 0x0000000100000000)
  region size 1024K, 8 young (8192K), 4 survivors (4096K)
 Metaspace       used 35439K, committed 35968K, reserved 1114112K
  class space    used 4503K, committed 4736K, reserved 1048576K
}
Event: 22.284 GC heap after
{Heap after GC invocations=12 (full 0):
 garbage-first heap   total reserved 886784K, committed 48128K, used 19722K [0x00000000c9e00000, 0x0000000100000000)
  region size 1024K, 4 young (4096K), 4 survivors (4096K)
 Metaspace       used 35439K, committed 35968K, reserved 1114112K
  class space    used 4503K, committed 4736K, reserved 1048576K
}

