# JRE version: Java(TM) SE Runtime Environment (22.0.1+8) (build 22.0.1+8-16)
# Java VM: Java HotSpot(TM) 64-Bit Server VM (22.0.1+8-16, mixed mode, sharing, tiered, compressed oops, compressed class ptrs, g1 gc, windows-amd64)
GC Precious Log:
 CardTable entry size: 512
 Card Set container configuration: InlinePtr #cards 5 size 8 Array Of Cards #cards 12 size 40 Howl #buckets 4 coarsen threshold 1843 Howl Bitmap #cards 512 size 80 coarsen threshold 460 Card regions per heap region 1 cards per card region 2048
 CPUs: 2 total, 2 available
 Memory: 3461M
 Large Page Support: Disabled
 NUMA Support: Disabled
 Compressed Oops: Enabled (32-bit)
 Heap Region Size: 1M
 Heap Min Capacity: 8M
 Heap Initial Capacity: 56M
 Heap Max Capacity: 866M
 Pre-touch: Disabled
 Parallel Workers: 2
 Concurrent Workers: 1
 Concurrent Refinement Workers: 2
 Periodic GC: Disabled
Heap:
 garbage-first heap   total reserved 886784K, committed 48128K, used 28672K [0x00000000c9e00000, 0x0000000100000000)
  region size 1024K, 8 young (8192K), 2 survivors (2048K)
 Metaspace       used 46836K, committed 47488K, reserved 1114112K
  class space    used 6092K, committed 6336K, reserved 1048576K
GC Heap History (20 events):
Event: 10.590 GC heap before
{Heap before GC invocations=4 (full 0):
 garbage-first heap   total reserved 886784K, committed 57344K, used 36604K [0x00000000c9e00000, 0x0000000100000000)
  region size 1024K, 33 young (33792K), 4 survivors (4096K)
 Metaspace       used 18111K, committed 18432K, reserved 1114112K
  class space    used 2206K, committed 2304K, reserved 1048576K
}
Event: 10.601 GC heap after
{Heap after GC invocations=5 (full 0):
 garbage-first heap   total reserved 886784K, committed 57344K, used 10510K [0x00000000c9e00000, 0x0000000100000000)
  region size 1024K, 5 young (5120K), 5 survivors (5120K)
 Metaspace       used 18111K, committed 18432K, reserved 1114112K
  class space    used 2206K, committed 2304K, reserved 1048576K
}
Event: 12.867 GC heap before
{Heap before GC invocations=5 (full 0):
 garbage-first heap   total reserved 886784K, committed 57344K, used 39182K [0x00000000c9e00000, 0x0000000100000000)
  region size 1024K, 33 young (33792K), 5 survivors (5120K)
 Metaspace       used 21128K, committed 21440K, reserved 1114112K
  class space    used 2570K, committed 2688K, reserved 1048576K
}
Event: 12.879 GC heap after
{Heap after GC invocations=6 (full 0):
 garbage-first heap   total reserved 886784K, committed 57344K, used 12564K [0x00000000c9e00000, 0x0000000100000000)
  region size 1024K, 5 young (5120K), 5 survivors (5120K)
 Metaspace       used 21128K, committed 21440K, reserved 1114112K
  class space    used 2570K, committed 2688K, reserved 1048576K
}
Event: 13.048 GC heap before
{Heap before GC invocations=6 (full 0):
 garbage-first heap   total reserved 886784K, committed 57344K, used 13588K [0x00000000c9e00000, 0x0000000100000000)
  region size 1024K, 7 young (7168K), 5 survivors (5120K)
 Metaspace       used 21234K, committed 21504K, reserved 1114112K
  class space    used 2580K, committed 2688K, reserved 1048576K
}
Event: 13.058 GC heap after
{Heap after GC invocations=7 (full 0):
 garbage-first heap   total reserved 886784K, committed 57344K, used 12904K [0x00000000c9e00000, 0x0000000100000000)
  region size 1024K, 3 young (3072K), 3 survivors (3072K)
 Metaspace       used 21234K, committed 21504K, reserved 1114112K
  class space    used 2580K, committed 2688K, reserved 1048576K
}
Event: 16.212 GC heap before
{Heap before GC invocations=8 (full 0):
 garbage-first heap   total reserved 886784K, committed 48128K, used 38504K [0x00000000c9e00000, 0x0000000100000000)
  region size 1024K, 28 young (28672K), 3 survivors (3072K)
 Metaspace       used 25479K, committed 25920K, reserved 1114112K
  class space    used 3163K, committed 3392K, reserved 1048576K
}
Event: 16.220 GC heap after
{Heap after GC invocations=9 (full 0):
 garbage-first heap   total reserved 886784K, committed 48128K, used 14750K [0x00000000c9e00000, 0x0000000100000000)
  region size 1024K, 4 young (4096K), 4 survivors (4096K)
 Metaspace       used 25479K, committed 25920K, reserved 1114112K
  class space    used 3163K, committed 3392K, reserved 1048576K
}
Event: 18.138 GC heap before
{Heap before GC invocations=9 (full 0):
 garbage-first heap   total reserved 886784K, committed 48128K, used 39326K [0x00000000c9e00000, 0x0000000100000000)
  region size 1024K, 28 young (28672K), 4 survivors (4096K)
 Metaspace       used 28939K, committed 29504K, reserved 1114112K
  class space    used 3619K, committed 3840K, reserved 1048576K
}
Event: 18.158 GC heap after
{Heap after GC invocations=10 (full 0):
 garbage-first heap   total reserved 886784K, committed 48128K, used 16066K [0x00000000c9e00000, 0x0000000100000000)
  region size 1024K, 2 young (2048K), 2 survivors (2048K)
 Metaspace       used 28939K, committed 29504K, reserved 1114112K
  class space    used 3619K, committed 3840K, reserved 1048576K
}
Event: 19.681 GC heap before
{Heap before GC invocations=10 (full 0):
 garbage-first heap   total reserved 886784K, committed 48128K, used 40642K [0x00000000c9e00000, 0x0000000100000000)
  region size 1024K, 27 young (27648K), 2 survivors (2048K)
 Metaspace       used 34915K, committed 35456K, reserved 1114112K
  class space    used 4459K, committed 4672K, reserved 1048576K
}
Event: 19.689 GC heap after
{Heap after GC invocations=11 (full 0):
 garbage-first heap   total reserved 886784K, committed 48128K, used 18024K [0x00000000c9e00000, 0x0000000100000000)
  region size 1024K, 4 young (4096K), 4 survivors (4096K)
 Metaspace       used 34915K, committed 35456K, reserved 1114112K
  class space    used 4459K, committed 4672K, reserved 1048576K
}
Event: 20.272 GC heap before
{Heap before GC invocations=11 (full 0):
 garbage-first heap   total reserved 886784K, committed 48128K, used 20072K [0x00000000c9e00000, 0x0000000100000000)
  region size 1024K, 7 young (7168K), 4 survivors (4096K)
 Metaspace       used 35391K, committed 35968K, reserved 1114112K
  class space    used 4507K, committed 4800K, reserved 1048576K
}
Event: 20.284 GC heap after
{Heap after GC invocations=12 (full 0):
 garbage-first heap   total reserved 886784K, committed 48128K, used 18329K [0x00000000c9e00000, 0x0000000100000000)
  region size 1024K, 3 young (3072K), 3 survivors (3072K)
 Metaspace       used 35391K, committed 35968K, reserved 1114112K
  class space    used 4507K, committed 4800K, reserved 1048576K
}
Event: 21.031 GC heap before
{Heap before GC invocations=13 (full 0):
 garbage-first heap   total reserved 886784K, committed 48128K, used 39833K [0x00000000c9e00000, 0x0000000100000000)
  region size 1024K, 25 young (25600K), 3 survivors (3072K)
 Metaspace       used 39041K, committed 39680K, reserved 1114112K
  class space    used 5014K, committed 5312K, reserved 1048576K
}
Event: 21.041 GC heap after
{Heap after GC invocations=14 (full 0):
 garbage-first heap   total reserved 886784K, committed 48128K, used 20855K [0x00000000c9e00000, 0x0000000100000000)
  region size 1024K, 3 young (3072K), 3 survivors (3072K)
 Metaspace       used 39041K, committed 39680K, reserved 1114112K
  class space    used 5014K, committed 5312K, reserved 1048576K
}
Event: 23.113 GC heap before
{Heap before GC invocations=14 (full 0):
 garbage-first heap   total reserved 886784K, committed 48128K, used 40311K [0x00000000c9e00000, 0x0000000100000000)
  region size 1024K, 23 young (23552K), 3 survivors (3072K)
 Metaspace       used 43031K, committed 43648K, reserved 1114112K
  class space    used 5563K, committed 5824K, reserved 1048576K
}
Event: 23.124 GC heap after
{Heap after GC invocations=15 (full 0):
 garbage-first heap   total reserved 886784K, committed 48128K, used 22618K [0x00000000c9e00000, 0x0000000100000000)
  region size 1024K, 2 young (2048K), 2 survivors (2048K)
 Metaspace       used 43031K, committed 43648K, reserved 1114112K
  class space    used 5563K, committed 5824K, reserved 1048576K
}
Event: 25.765 GC heap before
{Heap before GC invocations=15 (full 0):
 garbage-first heap   total reserved 886784K, committed 48128K, used 41050K [0x00000000c9e00000, 0x0000000100000000)
  region size 1024K, 21 young (21504K), 2 survivors (2048K)
 Metaspace       used 45657K, committed 46272K, reserved 1114112K
  class space    used 5942K, committed 6208K, reserved 1048576K
}
Event: 25.772 GC heap after
{Heap after GC invocations=16 (full 0):
 garbage-first heap   total reserved 886784K, committed 48128K, used 24576K [0x00000000c9e00000, 0x0000000100000000)
  region size 1024K, 2 young (2048K), 2 survivors (2048K)
 Metaspace       used 45657K, committed 46272K, reserved 1114112K
  class space    used 5942K, committed 6208K, reserved 1048576K
}

